Using pre-set license
Built from '2020.3/release' branch; Version is '2020.3.2f1 (8fd9074bf66c) revision 9427207'; Using compiler version '192528614'; Build Type 'Release'
OS: 'Windows 10 Pro; OS build 19042.928; Version 2009; 64bit' Language: 'en' Physical Memory: 16297 MB
BatchMode: 1, IsHumanControllingUs: 0, StartBugReporterOnCrash: 0, Is64bit: 1, IsPro: 0

 COMMAND LINE ARGUMENTS:
C:\Program Files\Unity\Hub\Editor\2020.3.2f1\Editor\Unity.exe
-adb2
-batchMode
-noUpm
-name
AssetImportWorker0
-projectPath
C:/Nitro/Repository/School/Adv-CS-Unity/Dungeon Escape
-logFile
Logs/AssetImportWorker0.log
-srvPort
63924
Successfully changed project path to: C:/Nitro/Repository/School/Adv-CS-Unity/Dungeon Escape
C:/Nitro/Repository/School/Adv-CS-Unity/Dungeon Escape
Using Asset Import Pipeline V2.
Refreshing native plugins compatible for Editor in 31.49 ms, found 1 plugins.
Preloading 0 native plugins for Editor in 0.00 ms.
Initialize engine version: 2020.3.2f1 (8fd9074bf66c)
[Subsystems] Discovering subsystems at path C:/Program Files/Unity/Hub/Editor/2020.3.2f1/Editor/Data/Resources/UnitySubsystems
[Subsystems] Discovering subsystems at path C:/Nitro/Repository/School/Adv-CS-Unity/Dungeon Escape/Assets
GfxDevice: creating device client; threaded=0
Direct3D:
    Version:  Direct3D 11.0 [level 11.1]
    Renderer: NVIDIA GeForce GTX 970 (ID=0x13c2)
    Vendor:   
    VRAM:     4043 MB
    Driver:   27.21.14.6109
Initialize mono
Mono path[0] = 'C:/Program Files/Unity/Hub/Editor/2020.3.2f1/Editor/Data/Managed'
Mono path[1] = 'C:/Program Files/Unity/Hub/Editor/2020.3.2f1/Editor/Data/MonoBleedingEdge/lib/mono/unityjit'
Mono config path = 'C:/Program Files/Unity/Hub/Editor/2020.3.2f1/Editor/Data/MonoBleedingEdge/etc'
Using monoOptions --debugger-agent=transport=dt_socket,embedding=1,server=y,suspend=n,address=127.0.0.1:56968
Begin MonoManager ReloadAssembly
Registering precompiled unity dll's ...
Register platform support module: C:/Program Files/Unity/Hub/Editor/2020.3.2f1/Editor/Data/PlaybackEngines/WebGLSupport/UnityEditor.WebGL.Extensions.dll
Register platform support module: C:/Program Files/Unity/Hub/Editor/2020.3.2f1/Editor/Data/PlaybackEngines/WindowsStandaloneSupport/UnityEditor.WindowsStandalone.Extensions.dll
Registered in 0.002093 seconds.
Native extension for WindowsStandalone target not found
Native extension for WebGL target not found
Refreshing native plugins compatible for Editor in 31.01 ms, found 1 plugins.
Preloading 0 native plugins for Editor in 0.00 ms.
Invoked RoslynAnalysisRunner static constructor.
RoslynAnalysisRunner will not be running.
RoslynAnalysisRunner has terminated.
Mono: successfully reloaded assembly
- Completed reload, in  1.679 seconds
Platform modules already initialized, skipping
Registering precompiled user dll's ...
Registered in 0.000849 seconds.
Begin MonoManager ReloadAssembly
Native extension for WindowsStandalone target not found
Native extension for WebGL target not found
Refreshing native plugins compatible for Editor in 30.23 ms, found 1 plugins.
Preloading 0 native plugins for Editor in 0.00 ms.
Invoked RoslynAnalysisRunner static constructor.
RoslynAnalysisRunner will not be running.
RoslynAnalysisRunner has terminated.
Mono: successfully reloaded assembly
- Completed reload, in  0.787 seconds
Platform modules already initialized, skipping
========================================================================
Worker process is ready to serve import requests
Launched and connected shader compiler UnityShaderCompiler.exe after 0.05 seconds
Refreshing native plugins compatible for Editor in 0.32 ms, found 1 plugins.
Preloading 0 native plugins for Editor in 0.00 ms.
Unloading 1808 Unused Serialized files (Serialized files now loaded: 0)
System memory in use before: 84.9 MB.
System memory in use after: 84.8 MB.

Unloading 24 unused Assets to reduce memory usage. Loaded Objects now: 2250.
Total: 2.353900 ms (FindLiveObjects: 0.216800 ms CreateObjectMapping: 0.111400 ms MarkObjects: 1.893200 ms  DeleteObjects: 0.131300 ms)

========================================================================
Received Import Request.
  path: Assets/Sprites/Characters/Moss_Giant/Moss_Giant_Attack.png
  artifactKey: Guid(6a0ad226ca38bb54dbe926016027259d) Importer(815301076,1909f56bfc062723c751e8b465ee728b)
Start importing Assets/Sprites/Characters/Moss_Giant/Moss_Giant_Attack.png using Guid(6a0ad226ca38bb54dbe926016027259d) Importer(815301076,1909f56bfc062723c751e8b465ee728b)  -> (artifact id: 'fc02d3532d2e92cb366a48e784b8cc17') in 0.137751 seconds
  Import took 0.140322 seconds .

========================================================================
Received Import Request.
  Time since last request: 0.000268 seconds.
  path: Assets/Sprites/Characters/Moss_Giant/Moss_Giant_Death.png
  artifactKey: Guid(9c081c6728bca65478842895fec304ca) Importer(815301076,1909f56bfc062723c751e8b465ee728b)
Start importing Assets/Sprites/Characters/Moss_Giant/Moss_Giant_Death.png using Guid(9c081c6728bca65478842895fec304ca) Importer(815301076,1909f56bfc062723c751e8b465ee728b)  -> (artifact id: '7d418c264722a74216305e306074a7e0') in 0.011904 seconds
  Import took 0.015017 seconds .

========================================================================
Received Import Request.
  Time since last request: 0.000290 seconds.
  path: Assets/Sprites/Characters/Moss_Giant/Moss_Giant_Hit.png
  artifactKey: Guid(b300e681f283e884a87ec4832e2c9599) Importer(815301076,1909f56bfc062723c751e8b465ee728b)
Start importing Assets/Sprites/Characters/Moss_Giant/Moss_Giant_Hit.png using Guid(b300e681f283e884a87ec4832e2c9599) Importer(815301076,1909f56bfc062723c751e8b465ee728b)  -> (artifact id: '68ef25eade5ae05b6f4b07c2d23e3636') in 0.018846 seconds
  Import took 0.021777 seconds .

========================================================================
Received Import Request.
  Time since last request: 0.000258 seconds.
  path: Assets/Sprites/Characters/Moss_Giant/Moss_Giant_Idle.png
  artifactKey: Guid(fb696ba36378a724887eaeaabf917460) Importer(815301076,1909f56bfc062723c751e8b465ee728b)
Start importing Assets/Sprites/Characters/Moss_Giant/Moss_Giant_Idle.png using Guid(fb696ba36378a724887eaeaabf917460) Importer(815301076,1909f56bfc062723c751e8b465ee728b)  -> (artifact id: '1d26c022d1f94c7c39a850e4b0e308a0') in 0.047804 seconds
  Import took 0.050586 seconds .

========================================================================
Received Import Request.
  Time since last request: 0.000251 seconds.
  path: Assets/Sprites/Characters/Moss_Giant/Moss_Giant_Walk.png
  artifactKey: Guid(cfc42b31cc442b347a49003172d852a1) Importer(815301076,1909f56bfc062723c751e8b465ee728b)
Start importing Assets/Sprites/Characters/Moss_Giant/Moss_Giant_Walk.png using Guid(cfc42b31cc442b347a49003172d852a1) Importer(815301076,1909f56bfc062723c751e8b465ee728b)  -> (artifact id: '0e889526a16bbdd2e0299a360a5c2d30') in 0.020306 seconds
  Import took 0.022866 seconds .

========================================================================
Received Import Request.
  Time since last request: 2.005273 seconds.
  path: Assets/Sprites/Characters/Player/Death.png
  artifactKey: Guid(17659ae2e37f43340a4fc85934a465f0) Importer(815301076,1909f56bfc062723c751e8b465ee728b)
Start importing Assets/Sprites/Characters/Player/Death.png using Guid(17659ae2e37f43340a4fc85934a465f0) Importer(815301076,1909f56bfc062723c751e8b465ee728b)  -> (artifact id: '0fa91fcc67db7461d687813d771df356') in 0.015998 seconds
  Import took 0.018707 seconds .

========================================================================
Received Import Request.
  Time since last request: 0.000263 seconds.
  path: Assets/Sprites/Characters/Player/Jump_Swing.png
  artifactKey: Guid(027f23b2d6034524fa6fa5fd0a975de1) Importer(815301076,1909f56bfc062723c751e8b465ee728b)
Start importing Assets/Sprites/Characters/Player/Jump_Swing.png using Guid(027f23b2d6034524fa6fa5fd0a975de1) Importer(815301076,1909f56bfc062723c751e8b465ee728b)  -> (artifact id: 'f45956a3bf37b124bd9176e480810e1e') in 0.015758 seconds
  Import took 0.018403 seconds .

========================================================================
Received Import Request.
  Time since last request: 0.000297 seconds.
  path: Assets/Sprites/Characters/Player/Fire_Swing.png
  artifactKey: Guid(f08e825facfe49e40919a3a0ff8ca125) Importer(815301076,1909f56bfc062723c751e8b465ee728b)
Start importing Assets/Sprites/Characters/Player/Fire_Swing.png using Guid(f08e825facfe49e40919a3a0ff8ca125) Importer(815301076,1909f56bfc062723c751e8b465ee728b)  -> (artifact id: '001c03c26d92902a0801e8e2584300e5') in 0.018417 seconds
  Import took 0.021798 seconds .

========================================================================
Received Import Request.
  Time since last request: 0.000329 seconds.
  path: Assets/Sprites/Characters/Player/Warrior_Run.png
  artifactKey: Guid(8623cdb954b40d042a2470ade25aeb07) Importer(815301076,1909f56bfc062723c751e8b465ee728b)
Start importing Assets/Sprites/Characters/Player/Warrior_Run.png using Guid(8623cdb954b40d042a2470ade25aeb07) Importer(815301076,1909f56bfc062723c751e8b465ee728b)  -> (artifact id: 'bdd4a8a0352dfeeea2b66acc2e86bb45') in 0.013925 seconds
  Import took 0.017541 seconds .

========================================================================
Received Import Request.
  Time since last request: 0.000291 seconds.
  path: Assets/Sprites/Characters/Player/Jump_Swing_Fire.png
  artifactKey: Guid(db1a0fdbc95fc304993494fa5436655e) Importer(815301076,1909f56bfc062723c751e8b465ee728b)
Start importing Assets/Sprites/Characters/Player/Jump_Swing_Fire.png using Guid(db1a0fdbc95fc304993494fa5436655e) Importer(815301076,1909f56bfc062723c751e8b465ee728b)  -> (artifact id: 'db4bb5dff2e569d43374a0fa70fd06f3') in 0.016202 seconds
  Import took 0.019601 seconds .

========================================================================
Received Import Request.
  Time since last request: 0.000354 seconds.
  path: Assets/Sprites/Characters/Player/Jump.png
  artifactKey: Guid(90f169fb5bb5a13489a9297835fe8e38) Importer(815301076,1909f56bfc062723c751e8b465ee728b)
Start importing Assets/Sprites/Characters/Player/Jump.png using Guid(90f169fb5bb5a13489a9297835fe8e38) Importer(815301076,1909f56bfc062723c751e8b465ee728b)  -> (artifact id: 'f7fb32d636aec747dbd776654d925fac') in 0.015387 seconds
  Import took 0.018358 seconds .

========================================================================
Received Import Request.
  Time since last request: 0.000391 seconds.
  path: Assets/Sprites/Characters/Player/Warrior_Walk.png
  artifactKey: Guid(bda69717a51623b419864cec38e2250d) Importer(815301076,1909f56bfc062723c751e8b465ee728b)
Start importing Assets/Sprites/Characters/Player/Warrior_Walk.png using Guid(bda69717a51623b419864cec38e2250d) Importer(815301076,1909f56bfc062723c751e8b465ee728b)  -> (artifact id: 'b4464daaa0a8845895719b3f6db3e699') in 0.015342 seconds
  Import took 0.018080 seconds .

========================================================================
Received Import Request.
  Time since last request: 0.000231 seconds.
  path: Assets/Sprites/Characters/Player/Hit.png
  artifactKey: Guid(aca832b754170e243865c3de23a3f622) Importer(815301076,1909f56bfc062723c751e8b465ee728b)
Start importing Assets/Sprites/Characters/Player/Hit.png using Guid(aca832b754170e243865c3de23a3f622) Importer(815301076,1909f56bfc062723c751e8b465ee728b)  -> (artifact id: 'acd1527425fe73b6056d4cf218f9257f') in 0.013514 seconds
  Import took 0.016100 seconds .

========================================================================
Received Import Request.
  Time since last request: 0.000178 seconds.
  path: Assets/Sprites/Characters/Player/Reg_Swing.png
  artifactKey: Guid(f5e43dc112ee2414790dd8b25e1a237d) Importer(815301076,1909f56bfc062723c751e8b465ee728b)
Start importing Assets/Sprites/Characters/Player/Reg_Swing.png using Guid(f5e43dc112ee2414790dd8b25e1a237d) Importer(815301076,1909f56bfc062723c751e8b465ee728b)  -> (artifact id: 'a6b6b35ad9c2c5cb330058f85cec3660') in 0.014450 seconds
  Import took 0.017067 seconds .

========================================================================
Received Import Request.
  Time since last request: 0.000246 seconds.
  path: Assets/Sprites/Characters/Player/Idle.png
  artifactKey: Guid(c65fde97cb55b1b4bbdca50278c7463a) Importer(815301076,1909f56bfc062723c751e8b465ee728b)
Start importing Assets/Sprites/Characters/Player/Idle.png using Guid(c65fde97cb55b1b4bbdca50278c7463a) Importer(815301076,1909f56bfc062723c751e8b465ee728b)  -> (artifact id: '90dfa538b412ec034695f7bc88a53829') in 0.018118 seconds
  Import took 0.021135 seconds .

========================================================================
Received Import Request.
  Time since last request: 6.304298 seconds.
  path: Assets/Sprites/Characters/Skeleton/Skeleton_Attack.png
  artifactKey: Guid(f1d8d5c8768c8c8428a8fc3324056803) Importer(815301076,1909f56bfc062723c751e8b465ee728b)
Start importing Assets/Sprites/Characters/Skeleton/Skeleton_Attack.png using Guid(f1d8d5c8768c8c8428a8fc3324056803) Importer(815301076,1909f56bfc062723c751e8b465ee728b)  -> (artifact id: '01c0ffc7f9b5c9d6f45819efbb5855ed') in 0.013525 seconds
  Import took 0.016796 seconds .

========================================================================
Received Import Request.
  Time since last request: 0.000285 seconds.
  path: Assets/Sprites/Characters/Skeleton/Skeleton_Death.png
  artifactKey: Guid(a382a51114ce0884687dd8d7e88433b1) Importer(815301076,1909f56bfc062723c751e8b465ee728b)
Start importing Assets/Sprites/Characters/Skeleton/Skeleton_Death.png using Guid(a382a51114ce0884687dd8d7e88433b1) Importer(815301076,1909f56bfc062723c751e8b465ee728b)  -> (artifact id: '4afd93e6ca29a69280beb05a0a91d706') in 0.026327 seconds
  Import took 0.029251 seconds .

========================================================================
Received Import Request.
  Time since last request: 0.000252 seconds.
  path: Assets/Sprites/Characters/Skeleton/Skeleton_Idle.png
  artifactKey: Guid(fffaa3ecaf2e7d0408ab5aef25e99845) Importer(815301076,1909f56bfc062723c751e8b465ee728b)
Start importing Assets/Sprites/Characters/Skeleton/Skeleton_Idle.png using Guid(fffaa3ecaf2e7d0408ab5aef25e99845) Importer(815301076,1909f56bfc062723c751e8b465ee728b)  -> (artifact id: '52b064fd30153546cbafa3391702265a') in 0.023124 seconds
  Import took 0.025722 seconds .

========================================================================
Received Import Request.
  Time since last request: 0.000304 seconds.
  path: Assets/Sprites/Characters/Skeleton/Skeleton_Hit.png
  artifactKey: Guid(7da7436729807a347bc65581ba112575) Importer(815301076,1909f56bfc062723c751e8b465ee728b)
Start importing Assets/Sprites/Characters/Skeleton/Skeleton_Hit.png using Guid(7da7436729807a347bc65581ba112575) Importer(815301076,1909f56bfc062723c751e8b465ee728b)  -> (artifact id: '6731f37807d2abc545c2a865a789b66f') in 0.015149 seconds
  Import took 0.017824 seconds .

========================================================================
Received Import Request.
  Time since last request: 0.000213 seconds.
  path: Assets/Sprites/Characters/Skeleton/Skeleton_Walk.png
  artifactKey: Guid(ca1fe6a8a905a4c489b4fcd0766c32bd) Importer(815301076,1909f56bfc062723c751e8b465ee728b)
Start importing Assets/Sprites/Characters/Skeleton/Skeleton_Walk.png using Guid(ca1fe6a8a905a4c489b4fcd0766c32bd) Importer(815301076,1909f56bfc062723c751e8b465ee728b)  -> (artifact id: '22420fd9bf3b3cfbe095f82b8c353a59') in 0.021288 seconds
  Import took 0.023843 seconds .

========================================================================
Received Import Request.
  Time since last request: 0.553604 seconds.
  path: Assets/Sprites/Characters/Spider/Spider_Attack.png
  artifactKey: Guid(fbd61953333fc96449df9213978dae0b) Importer(815301076,1909f56bfc062723c751e8b465ee728b)
Start importing Assets/Sprites/Characters/Spider/Spider_Attack.png using Guid(fbd61953333fc96449df9213978dae0b) Importer(815301076,1909f56bfc062723c751e8b465ee728b)  -> (artifact id: '938e412e80214b0257974f8bafc011ff') in 0.013961 seconds
  Import took 0.017586 seconds .

========================================================================
Received Import Request.
  Time since last request: 0.000307 seconds.
  path: Assets/Sprites/Characters/Spider/Spider_Idle.png
  artifactKey: Guid(607ebc497c7852c498602669d1d82284) Importer(815301076,1909f56bfc062723c751e8b465ee728b)
Start importing Assets/Sprites/Characters/Spider/Spider_Idle.png using Guid(607ebc497c7852c498602669d1d82284) Importer(815301076,1909f56bfc062723c751e8b465ee728b)  -> (artifact id: '3e05d11f289faaef1524707ce8474fb3') in 0.023981 seconds
  Import took 0.026539 seconds .

========================================================================
Received Import Request.
  Time since last request: 0.000285 seconds.
  path: Assets/Sprites/Characters/Spider/Spider_Walk.png
  artifactKey: Guid(bbf272e083f7d7d4e9ce3ac0412d42b9) Importer(815301076,1909f56bfc062723c751e8b465ee728b)
Start importing Assets/Sprites/Characters/Spider/Spider_Walk.png using Guid(bbf272e083f7d7d4e9ce3ac0412d42b9) Importer(815301076,1909f56bfc062723c751e8b465ee728b)  -> (artifact id: 'df3ad74726edcb887886a188b80f50b8') in 0.021502 seconds
  Import took 0.025026 seconds .

========================================================================
Received Import Request.
  Time since last request: 0.000325 seconds.
  path: Assets/Sprites/Characters/Spider/Spider_Death.png
  artifactKey: Guid(ece8fd8c3e138724d9b009cde12f0b27) Importer(815301076,1909f56bfc062723c751e8b465ee728b)
Start importing Assets/Sprites/Characters/Spider/Spider_Death.png using Guid(ece8fd8c3e138724d9b009cde12f0b27) Importer(815301076,1909f56bfc062723c751e8b465ee728b)  -> (artifact id: '687f4326185941b310a3547bcdb77718') in 0.024542 seconds
  Import took 0.027469 seconds .

========================================================================
Received Import Request.
  Time since last request: 0.002892 seconds.
  path: Assets/Sprites/Characters/Spider/Spider_Death.png
  artifactKey: Guid(ece8fd8c3e138724d9b009cde12f0b27) Importer(815301076,1909f56bfc062723c751e8b465ee728b)
Start importing Assets/Sprites/Characters/Spider/Spider_Death.png using Guid(ece8fd8c3e138724d9b009cde12f0b27) Importer(815301076,1909f56bfc062723c751e8b465ee728b)  -> (artifact id: '687f4326185941b310a3547bcdb77718') in 0.016754 seconds
  Import took 0.019754 seconds .

AssetImportWorkerClient::OnTransportError - code=2 error=End of file
